error: The device driver input has errors that need to be solved!
    --> device_definition_errors.rs:2354:1
     |
2354 | compile_error!("The device driver input has errors that need to be solved!");
     | ^^^^^^^^^^^^^^^^^^^^^^^^^^^^^^^^^^^^^^^^^^^^^^^^^^^^^^^^^^^^^^^^^^^^^^^^^^^^

error[E0412]: cannot find type `Etype2` in this scope
    --> device_definition_errors.rs:1804:32
     |
1804 |         pub fn value(&self) -> Etype2 {
     |                                ^^^^^^ not found in this scope

error[E0412]: cannot find type `Etype3` in this scope
    --> device_definition_errors.rs:1817:41
     |
1817 |         pub fn value_2(&self) -> Result<Etype3, <Etype3 as TryFrom<u8>>::Error> {
     |                                         ^^^^^^ not found in this scope
     |
help: you might be missing a type parameter
     |
1795 |     impl<Etype3> Fs2 {
     |         ++++++++

error[E0412]: cannot find type `Etype3` in this scope
    --> device_definition_errors.rs:1817:50
     |
1817 |         pub fn value_2(&self) -> Result<Etype3, <Etype3 as TryFrom<u8>>::Error> {
     |                                                  ^^^^^^ not found in this scope
     |
help: you might be missing a type parameter
     |
1795 |     impl<Etype3> Fs2 {
     |         ++++++++

error[E0412]: cannot find type `Etype2` in this scope
    --> device_definition_errors.rs:1830:44
     |
1830 |         pub fn set_value(&mut self, value: Etype2) {
     |                                            ^^^^^^ not found in this scope

error[E0412]: cannot find type `Etype3` in this scope
    --> device_definition_errors.rs:1846:46
     |
1846 |         pub fn set_value_2(&mut self, value: Etype3) {
     |                                              ^^^^^^ not found in this scope

For more information about this error, try `rustc --explain E0412`.
error: could not compile `device_definition_errors` (bin "device_definition_errors") due to 6 previous errors
